2022-08-31 10:58:09,092 INFO o.a.j.u.JMeterUtils: Setting Locale to en_EN
2022-08-31 10:58:09,109 INFO o.a.j.JMeter: Loading user properties from: user.properties
2022-08-31 10:58:09,114 INFO o.a.j.JMeter: Loading system properties from: system.properties
2022-08-31 10:58:09,121 INFO o.a.j.JMeter: Copyright (c) 1998-2021 The Apache Software Foundation
2022-08-31 10:58:09,121 INFO o.a.j.JMeter: Version 5.4.3
2022-08-31 10:58:09,121 INFO o.a.j.JMeter: java.version=1.8.0_341
2022-08-31 10:58:09,121 INFO o.a.j.JMeter: java.vm.name=Java HotSpot(TM) 64-Bit Server VM
2022-08-31 10:58:09,121 INFO o.a.j.JMeter: os.name=Windows 10
2022-08-31 10:58:09,121 INFO o.a.j.JMeter: os.arch=amd64
2022-08-31 10:58:09,121 INFO o.a.j.JMeter: os.version=10.0
2022-08-31 10:58:09,121 INFO o.a.j.JMeter: file.encoding=Cp1252
2022-08-31 10:58:09,121 INFO o.a.j.JMeter: java.awt.headless=true
2022-08-31 10:58:09,121 INFO o.a.j.JMeter: Max memory     =1073741824
2022-08-31 10:58:09,121 INFO o.a.j.JMeter: Available Processors =12
2022-08-31 10:58:09,125 INFO o.a.j.JMeter: Default Locale=English (EN)
2022-08-31 10:58:09,125 INFO o.a.j.JMeter: JMeter  Locale=English (EN)
2022-08-31 10:58:09,125 INFO o.a.j.JMeter: JMeterHome=C:\apache-jmeter-5.4.3
2022-08-31 10:58:09,125 INFO o.a.j.JMeter: user.dir  =C:\apache-jmeter-5.4.3\bin
2022-08-31 10:58:09,125 INFO o.a.j.JMeter: PWD       =C:\apache-jmeter-5.4.3\bin
2022-08-31 10:58:13,695 INFO o.a.j.JMeter: IP: 192.168.56.1 Name: CMEDINA1 FullName: CMEDINA1
2022-08-31 10:58:13,700 INFO o.a.j.s.FileServer: Default base='C:\apache-jmeter-5.4.3\bin'
2022-08-31 10:58:13,701 INFO o.a.j.s.FileServer: Set new base='C:\apache-jmeter-5.4.3\bin'
2022-08-31 10:58:13,785 INFO o.a.j.s.SaveService: Testplan (JMX) version: 2.2. Testlog (JTL) version: 2.2
2022-08-31 10:58:13,810 INFO o.a.j.s.SaveService: Using SaveService properties file encoding UTF-8
2022-08-31 10:58:13,813 INFO o.a.j.s.SaveService: Using SaveService properties version 5.0
2022-08-31 10:58:13,817 INFO o.a.j.s.SaveService: Loading file: C:\apache-jmeter-5.4.3\bin\planpruebas.jmx
2022-08-31 10:58:13,886 INFO o.a.j.e.KeyToolUtils: Exception checking for keytool existence, will return false, try another way.
2022-08-31 10:58:14,033 INFO o.a.j.e.KeyToolUtils: keytool found at 'C:\Program Files\Java\jre1.8.0_341\bin\keytool'
2022-08-31 10:58:14,034 INFO o.a.j.p.h.p.ProxyControl: HTTP(S) Test Script Recorder SSL Proxy will use keys that support embedded 3rd party resources in file C:\apache-jmeter-5.4.3\bin\proxyserver.jks
2022-08-31 10:58:14,049 INFO o.a.j.p.h.s.HTTPSamplerBase: Parser for text/html is org.apache.jmeter.protocol.http.parser.LagartoBasedHtmlParser
2022-08-31 10:58:14,049 INFO o.a.j.p.h.s.HTTPSamplerBase: Parser for application/xhtml+xml is org.apache.jmeter.protocol.http.parser.LagartoBasedHtmlParser
2022-08-31 10:58:14,049 INFO o.a.j.p.h.s.HTTPSamplerBase: Parser for application/xml is org.apache.jmeter.protocol.http.parser.LagartoBasedHtmlParser
2022-08-31 10:58:14,049 INFO o.a.j.p.h.s.HTTPSamplerBase: Parser for text/xml is org.apache.jmeter.protocol.http.parser.LagartoBasedHtmlParser
2022-08-31 10:58:14,049 INFO o.a.j.p.h.s.HTTPSamplerBase: Parser for text/vnd.wap.wml is org.apache.jmeter.protocol.http.parser.RegexpHTMLParser
2022-08-31 10:58:14,049 INFO o.a.j.p.h.s.HTTPSamplerBase: Parser for text/css is org.apache.jmeter.protocol.http.parser.CssParser
2022-08-31 10:58:14,073 INFO o.a.j.p.h.c.CookieManager: Settings: Delete null: true Check: true Allow variable: true Save: false Prefix: COOKIE_
2022-08-31 10:58:14,076 INFO o.a.j.p.h.c.CacheManager: Will only cache the following methods: [GET]
2022-08-31 10:58:14,083 INFO o.a.j.s.SampleResult: Note: Sample TimeStamps are START times
2022-08-31 10:58:14,083 INFO o.a.j.s.SampleResult: sampleresult.default.encoding is set to ISO-8859-1
2022-08-31 10:58:14,083 INFO o.a.j.s.SampleResult: sampleresult.useNanoTime=true
2022-08-31 10:58:14,083 INFO o.a.j.s.SampleResult: sampleresult.nanoThreadSleep=5000
2022-08-31 10:58:14,144 INFO o.a.j.JMeter: Creating summariser <summary>
2022-08-31 10:58:14,150 INFO o.a.j.e.StandardJMeterEngine: Running the test!
2022-08-31 10:58:14,150 INFO o.a.j.s.SampleEvent: List of sample_variables: []
2022-08-31 10:58:14,150 INFO o.a.j.s.SampleEvent: List of sample_variables: []
2022-08-31 10:58:14,154 INFO o.a.j.e.u.CompoundVariable: Note: Function class names must contain the string: '.functions.'
2022-08-31 10:58:14,154 INFO o.a.j.e.u.CompoundVariable: Note: Function class names must not contain the string: '.gui.'
2022-08-31 10:58:14,374 INFO o.a.j.JMeter: Running test (1661961494374)
2022-08-31 10:58:14,404 INFO o.a.j.e.StandardJMeterEngine: Starting ThreadGroup: 1 : Avera 2.0
2022-08-31 10:58:14,404 INFO o.a.j.e.StandardJMeterEngine: Starting 100 threads for group Avera 2.0.
2022-08-31 10:58:14,404 INFO o.a.j.e.StandardJMeterEngine: Thread will continue on error
2022-08-31 10:58:14,404 INFO o.a.j.t.ThreadGroup: Starting thread group... number=1 threads=100 ramp-up=1 delayedStart=false
2022-08-31 10:58:14,408 INFO o.a.j.t.JMeterThread: Thread started: Avera 2.0 1-1
2022-08-31 10:58:14,416 INFO o.a.j.t.JMeterThread: Thread started: Avera 2.0 1-2
2022-08-31 10:58:14,424 INFO o.a.j.p.h.s.HTTPHCAbstractImpl: Local host = CMEDINA1
2022-08-31 10:58:14,426 INFO o.a.j.t.JMeterThread: Thread started: Avera 2.0 1-3
2022-08-31 10:58:14,428 INFO o.a.j.t.ThreadGroup: Started thread group number 1
2022-08-31 10:58:14,428 INFO o.a.j.e.StandardJMeterEngine: All thread groups have been started
2022-08-31 10:58:14,430 INFO o.a.j.p.h.s.HTTPHC4Impl: HTTP request retry count = 0
2022-08-31 10:58:14,437 INFO o.a.j.t.JMeterThread: Thread started: Avera 2.0 1-4
2022-08-31 10:58:14,446 INFO o.a.j.t.JMeterThread: Thread started: Avera 2.0 1-5
2022-08-31 10:58:14,456 INFO o.a.j.t.JMeterThread: Thread started: Avera 2.0 1-6
2022-08-31 10:58:14,466 INFO o.a.j.t.JMeterThread: Thread started: Avera 2.0 1-7
2022-08-31 10:58:14,475 INFO o.a.j.t.JMeterThread: Thread started: Avera 2.0 1-8
2022-08-31 10:58:14,486 INFO o.a.j.t.JMeterThread: Thread started: Avera 2.0 1-9
2022-08-31 10:58:14,496 INFO o.a.j.t.JMeterThread: Thread started: Avera 2.0 1-10
2022-08-31 10:58:14,506 INFO o.a.j.t.JMeterThread: Thread started: Avera 2.0 1-11
2022-08-31 10:58:14,516 INFO o.a.j.t.JMeterThread: Thread started: Avera 2.0 1-12
2022-08-31 10:58:14,525 INFO o.a.j.t.JMeterThread: Thread started: Avera 2.0 1-13
2022-08-31 10:58:14,536 INFO o.a.j.t.JMeterThread: Thread started: Avera 2.0 1-14
2022-08-31 10:58:14,546 INFO o.a.j.t.JMeterThread: Thread started: Avera 2.0 1-15
2022-08-31 10:58:14,555 INFO o.a.j.t.JMeterThread: Thread started: Avera 2.0 1-16
2022-08-31 10:58:14,565 INFO o.a.j.t.JMeterThread: Thread started: Avera 2.0 1-17
2022-08-31 10:58:14,567 INFO o.a.j.p.h.s.h.LazyLayeredConnectionSocketFactory: Setting up HTTPS TrustAll Socket Factory
2022-08-31 10:58:14,571 INFO o.a.j.u.JsseSSLManager: Using default SSL protocol: TLS
2022-08-31 10:58:14,571 INFO o.a.j.u.JsseSSLManager: SSL session context: per-thread
2022-08-31 10:58:14,576 INFO o.a.j.t.JMeterThread: Thread started: Avera 2.0 1-18
2022-08-31 10:58:14,586 INFO o.a.j.t.JMeterThread: Thread started: Avera 2.0 1-19
2022-08-31 10:58:14,595 INFO o.a.j.t.JMeterThread: Thread started: Avera 2.0 1-20
2022-08-31 10:58:14,605 INFO o.a.j.t.JMeterThread: Thread started: Avera 2.0 1-21
2022-08-31 10:58:14,615 INFO o.a.j.t.JMeterThread: Thread started: Avera 2.0 1-22
2022-08-31 10:58:14,626 INFO o.a.j.t.JMeterThread: Thread started: Avera 2.0 1-23
2022-08-31 10:58:14,635 INFO o.a.j.t.JMeterThread: Thread started: Avera 2.0 1-24
2022-08-31 10:58:14,645 INFO o.a.j.t.JMeterThread: Thread started: Avera 2.0 1-25
2022-08-31 10:58:14,655 INFO o.a.j.t.JMeterThread: Thread started: Avera 2.0 1-26
2022-08-31 10:58:14,664 INFO o.a.j.t.JMeterThread: Thread started: Avera 2.0 1-27
2022-08-31 10:58:14,675 INFO o.a.j.t.JMeterThread: Thread started: Avera 2.0 1-28
2022-08-31 10:58:14,685 INFO o.a.j.t.JMeterThread: Thread started: Avera 2.0 1-29
2022-08-31 10:58:14,695 INFO o.a.j.t.JMeterThread: Thread started: Avera 2.0 1-30
2022-08-31 10:58:14,705 INFO o.a.j.t.JMeterThread: Thread started: Avera 2.0 1-31
2022-08-31 10:58:14,716 INFO o.a.j.t.JMeterThread: Thread started: Avera 2.0 1-32
2022-08-31 10:58:14,726 INFO o.a.j.t.JMeterThread: Thread started: Avera 2.0 1-33
2022-08-31 10:58:14,735 INFO o.a.j.t.JMeterThread: Thread started: Avera 2.0 1-34
2022-08-31 10:58:14,745 INFO o.a.j.t.JMeterThread: Thread started: Avera 2.0 1-35
2022-08-31 10:58:14,755 INFO o.a.j.t.JMeterThread: Thread started: Avera 2.0 1-36
2022-08-31 10:58:14,766 INFO o.a.j.t.JMeterThread: Thread started: Avera 2.0 1-37
2022-08-31 10:58:14,776 INFO o.a.j.t.JMeterThread: Thread started: Avera 2.0 1-38
2022-08-31 10:58:14,785 INFO o.a.j.t.JMeterThread: Thread started: Avera 2.0 1-39
2022-08-31 10:58:14,794 INFO o.a.j.t.JMeterThread: Thread started: Avera 2.0 1-40
2022-08-31 10:58:14,805 INFO o.a.j.t.JMeterThread: Thread started: Avera 2.0 1-41
2022-08-31 10:58:14,816 INFO o.a.j.t.JMeterThread: Thread started: Avera 2.0 1-42
2022-08-31 10:58:14,824 INFO o.a.j.t.JMeterThread: Thread started: Avera 2.0 1-43
2022-08-31 10:58:14,835 INFO o.a.j.t.JMeterThread: Thread started: Avera 2.0 1-44
2022-08-31 10:58:14,845 INFO o.a.j.t.JMeterThread: Thread started: Avera 2.0 1-45
2022-08-31 10:58:14,856 INFO o.a.j.t.JMeterThread: Thread started: Avera 2.0 1-46
2022-08-31 10:58:14,865 INFO o.a.j.t.JMeterThread: Thread started: Avera 2.0 1-47
2022-08-31 10:58:14,875 INFO o.a.j.t.JMeterThread: Thread started: Avera 2.0 1-48
2022-08-31 10:58:14,885 INFO o.a.j.t.JMeterThread: Thread started: Avera 2.0 1-49
2022-08-31 10:58:14,896 INFO o.a.j.t.JMeterThread: Thread started: Avera 2.0 1-50
2022-08-31 10:58:14,906 INFO o.a.j.t.JMeterThread: Thread started: Avera 2.0 1-51
2022-08-31 10:58:14,915 INFO o.a.j.t.JMeterThread: Thread started: Avera 2.0 1-52
2022-08-31 10:58:14,925 INFO o.a.j.t.JMeterThread: Thread started: Avera 2.0 1-53
2022-08-31 10:58:14,935 INFO o.a.j.t.JMeterThread: Thread started: Avera 2.0 1-54
2022-08-31 10:58:14,945 INFO o.a.j.t.JMeterThread: Thread started: Avera 2.0 1-55
2022-08-31 10:58:14,955 INFO o.a.j.t.JMeterThread: Thread started: Avera 2.0 1-56
2022-08-31 10:58:14,966 INFO o.a.j.t.JMeterThread: Thread started: Avera 2.0 1-57
2022-08-31 10:58:14,976 INFO o.a.j.t.JMeterThread: Thread started: Avera 2.0 1-58
2022-08-31 10:58:14,985 INFO o.a.j.t.JMeterThread: Thread started: Avera 2.0 1-59
2022-08-31 10:58:14,995 INFO o.a.j.t.JMeterThread: Thread started: Avera 2.0 1-60
2022-08-31 10:58:15,005 INFO o.a.j.t.JMeterThread: Thread started: Avera 2.0 1-61
2022-08-31 10:58:15,007 INFO o.a.j.u.SSLManager: JmeterKeyStore Location:  type JKS
2022-08-31 10:58:15,009 INFO o.a.j.u.SSLManager: KeyStore created OK
2022-08-31 10:58:15,009 WARN o.a.j.u.SSLManager: Keystore file not found, loading empty keystore
2022-08-31 10:58:15,015 INFO o.a.j.t.JMeterThread: Thread started: Avera 2.0 1-62
2022-08-31 10:58:15,025 INFO o.a.j.t.JMeterThread: Thread started: Avera 2.0 1-63
2022-08-31 10:58:15,036 INFO o.a.j.t.JMeterThread: Thread started: Avera 2.0 1-64
2022-08-31 10:58:15,046 INFO o.a.j.t.JMeterThread: Thread started: Avera 2.0 1-65
2022-08-31 10:58:15,055 INFO o.a.j.t.JMeterThread: Thread started: Avera 2.0 1-66
2022-08-31 10:58:15,065 INFO o.a.j.t.JMeterThread: Thread started: Avera 2.0 1-67
2022-08-31 10:58:15,075 INFO o.a.j.t.JMeterThread: Thread started: Avera 2.0 1-68
2022-08-31 10:58:15,084 INFO o.a.j.t.JMeterThread: Thread started: Avera 2.0 1-69
2022-08-31 10:58:15,094 INFO o.a.j.t.JMeterThread: Thread started: Avera 2.0 1-70
2022-08-31 10:58:15,106 INFO o.a.j.t.JMeterThread: Thread started: Avera 2.0 1-71
2022-08-31 10:58:15,116 INFO o.a.j.t.JMeterThread: Thread started: Avera 2.0 1-72
2022-08-31 10:58:15,125 INFO o.a.j.t.JMeterThread: Thread started: Avera 2.0 1-73
2022-08-31 10:58:15,135 INFO o.a.j.t.JMeterThread: Thread started: Avera 2.0 1-74
2022-08-31 10:58:15,145 INFO o.a.j.t.JMeterThread: Thread started: Avera 2.0 1-75
2022-08-31 10:58:15,155 INFO o.a.j.t.JMeterThread: Thread started: Avera 2.0 1-76
2022-08-31 10:58:15,165 INFO o.a.j.t.JMeterThread: Thread started: Avera 2.0 1-77
2022-08-31 10:58:15,175 INFO o.a.j.t.JMeterThread: Thread started: Avera 2.0 1-78
2022-08-31 10:58:15,186 INFO o.a.j.t.JMeterThread: Thread started: Avera 2.0 1-79
2022-08-31 10:58:15,196 INFO o.a.j.t.JMeterThread: Thread started: Avera 2.0 1-80
2022-08-31 10:58:15,205 INFO o.a.j.t.JMeterThread: Thread started: Avera 2.0 1-81
2022-08-31 10:58:15,215 INFO o.a.j.t.JMeterThread: Thread started: Avera 2.0 1-82
2022-08-31 10:58:15,225 INFO o.a.j.t.JMeterThread: Thread started: Avera 2.0 1-83
2022-08-31 10:58:15,235 INFO o.a.j.t.JMeterThread: Thread started: Avera 2.0 1-84
2022-08-31 10:58:15,245 INFO o.a.j.t.JMeterThread: Thread started: Avera 2.0 1-85
2022-08-31 10:58:15,276 INFO o.a.j.t.JMeterThread: Thread started: Avera 2.0 1-88
2022-08-31 10:58:15,285 INFO o.a.j.t.JMeterThread: Thread started: Avera 2.0 1-89
2022-08-31 10:58:15,316 INFO o.a.j.t.JMeterThread: Thread started: Avera 2.0 1-86
2022-08-31 10:58:15,317 INFO o.a.j.t.JMeterThread: Thread started: Avera 2.0 1-90
2022-08-31 10:58:15,319 INFO o.a.j.t.JMeterThread: Thread started: Avera 2.0 1-92
2022-08-31 10:58:15,319 INFO o.a.j.t.JMeterThread: Thread started: Avera 2.0 1-91
2022-08-31 10:58:15,324 INFO o.a.j.t.JMeterThread: Thread started: Avera 2.0 1-93
2022-08-31 10:58:15,334 INFO o.a.j.t.JMeterThread: Thread started: Avera 2.0 1-94
2022-08-31 10:58:15,316 INFO o.a.j.t.JMeterThread: Thread started: Avera 2.0 1-87
2022-08-31 10:58:15,345 INFO o.a.j.t.JMeterThread: Thread started: Avera 2.0 1-95
2022-08-31 10:58:15,368 INFO o.a.j.t.JMeterThread: Thread started: Avera 2.0 1-97
2022-08-31 10:58:15,372 INFO o.a.j.t.JMeterThread: Thread started: Avera 2.0 1-96
2022-08-31 10:58:15,374 INFO o.a.j.t.JMeterThread: Thread started: Avera 2.0 1-98
2022-08-31 10:58:15,393 INFO o.a.j.t.JMeterThread: Thread started: Avera 2.0 1-99
2022-08-31 10:58:15,425 INFO o.a.j.t.JMeterThread: Thread started: Avera 2.0 1-100
2022-08-31 10:58:15,741 INFO o.a.j.t.JMeterThread: Thread is done: Avera 2.0 1-85
2022-08-31 10:58:15,741 INFO o.a.j.t.JMeterThread: Thread finished: Avera 2.0 1-85
2022-08-31 10:58:15,745 INFO o.a.j.t.JMeterThread: Thread is done: Avera 2.0 1-95
2022-08-31 10:58:15,745 INFO o.a.j.t.JMeterThread: Thread finished: Avera 2.0 1-95
2022-08-31 10:58:15,745 INFO o.a.j.t.JMeterThread: Thread is done: Avera 2.0 1-74
2022-08-31 10:58:15,745 INFO o.a.j.t.JMeterThread: Thread finished: Avera 2.0 1-74
2022-08-31 10:58:15,746 INFO o.a.j.t.JMeterThread: Thread is done: Avera 2.0 1-82
2022-08-31 10:58:15,746 INFO o.a.j.t.JMeterThread: Thread finished: Avera 2.0 1-82
2022-08-31 10:58:15,746 INFO o.a.j.t.JMeterThread: Thread is done: Avera 2.0 1-3
2022-08-31 10:58:15,746 INFO o.a.j.t.JMeterThread: Thread finished: Avera 2.0 1-3
2022-08-31 10:58:15,746 INFO o.a.j.t.JMeterThread: Thread is done: Avera 2.0 1-67
2022-08-31 10:58:15,746 INFO o.a.j.t.JMeterThread: Thread finished: Avera 2.0 1-67
2022-08-31 10:58:15,746 INFO o.a.j.t.JMeterThread: Thread is done: Avera 2.0 1-89
2022-08-31 10:58:15,747 INFO o.a.j.t.JMeterThread: Thread finished: Avera 2.0 1-89
2022-08-31 10:58:15,747 INFO o.a.j.t.JMeterThread: Thread is done: Avera 2.0 1-34
2022-08-31 10:58:15,747 INFO o.a.j.t.JMeterThread: Thread finished: Avera 2.0 1-34
2022-08-31 10:58:15,750 INFO o.a.j.t.JMeterThread: Thread is done: Avera 2.0 1-69
2022-08-31 10:58:15,750 INFO o.a.j.t.JMeterThread: Thread finished: Avera 2.0 1-69
2022-08-31 10:58:15,750 INFO o.a.j.t.JMeterThread: Thread is done: Avera 2.0 1-29
2022-08-31 10:58:15,751 INFO o.a.j.t.JMeterThread: Thread finished: Avera 2.0 1-29
2022-08-31 10:58:15,751 INFO o.a.j.t.JMeterThread: Thread is done: Avera 2.0 1-19
2022-08-31 10:58:15,751 INFO o.a.j.t.JMeterThread: Thread finished: Avera 2.0 1-19
2022-08-31 10:58:15,752 INFO o.a.j.t.JMeterThread: Thread is done: Avera 2.0 1-20
2022-08-31 10:58:15,752 INFO o.a.j.t.JMeterThread: Thread finished: Avera 2.0 1-20
2022-08-31 10:58:15,752 INFO o.a.j.t.JMeterThread: Thread is done: Avera 2.0 1-70
2022-08-31 10:58:15,752 INFO o.a.j.t.JMeterThread: Thread finished: Avera 2.0 1-70
2022-08-31 10:58:15,752 INFO o.a.j.t.JMeterThread: Thread is done: Avera 2.0 1-55
2022-08-31 10:58:15,753 INFO o.a.j.t.JMeterThread: Thread finished: Avera 2.0 1-55
2022-08-31 10:58:15,758 INFO o.a.j.t.JMeterThread: Thread is done: Avera 2.0 1-30
2022-08-31 10:58:15,758 INFO o.a.j.t.JMeterThread: Thread is done: Avera 2.0 1-40
2022-08-31 10:58:15,758 INFO o.a.j.t.JMeterThread: Thread finished: Avera 2.0 1-30
2022-08-31 10:58:15,758 INFO o.a.j.t.JMeterThread: Thread finished: Avera 2.0 1-40
2022-08-31 10:58:15,758 INFO o.a.j.t.JMeterThread: Thread is done: Avera 2.0 1-58
2022-08-31 10:58:15,758 INFO o.a.j.t.JMeterThread: Thread finished: Avera 2.0 1-58
2022-08-31 10:58:15,759 INFO o.a.j.t.JMeterThread: Thread is done: Avera 2.0 1-90
2022-08-31 10:58:15,759 INFO o.a.j.t.JMeterThread: Thread finished: Avera 2.0 1-90
2022-08-31 10:58:15,759 INFO o.a.j.t.JMeterThread: Thread is done: Avera 2.0 1-98
2022-08-31 10:58:15,759 INFO o.a.j.t.JMeterThread: Thread finished: Avera 2.0 1-98
2022-08-31 10:58:15,819 INFO o.a.j.t.JMeterThread: Thread is done: Avera 2.0 1-6
2022-08-31 10:58:15,819 INFO o.a.j.t.JMeterThread: Thread finished: Avera 2.0 1-6
2022-08-31 10:58:15,819 INFO o.a.j.t.JMeterThread: Thread is done: Avera 2.0 1-27
2022-08-31 10:58:15,819 INFO o.a.j.t.JMeterThread: Thread finished: Avera 2.0 1-27
2022-08-31 10:58:15,819 INFO o.a.j.t.JMeterThread: Thread is done: Avera 2.0 1-84
2022-08-31 10:58:15,820 INFO o.a.j.t.JMeterThread: Thread finished: Avera 2.0 1-84
2022-08-31 10:58:15,823 INFO o.a.j.t.JMeterThread: Thread is done: Avera 2.0 1-31
2022-08-31 10:58:15,823 INFO o.a.j.t.JMeterThread: Thread finished: Avera 2.0 1-31
2022-08-31 10:58:15,823 INFO o.a.j.t.JMeterThread: Thread is done: Avera 2.0 1-79
2022-08-31 10:58:15,823 INFO o.a.j.t.JMeterThread: Thread finished: Avera 2.0 1-79
2022-08-31 10:58:15,823 INFO o.a.j.t.JMeterThread: Thread is done: Avera 2.0 1-54
2022-08-31 10:58:15,823 INFO o.a.j.t.JMeterThread: Thread finished: Avera 2.0 1-54
2022-08-31 10:58:15,824 INFO o.a.j.t.JMeterThread: Thread is done: Avera 2.0 1-50
2022-08-31 10:58:15,824 INFO o.a.j.t.JMeterThread: Thread finished: Avera 2.0 1-50
2022-08-31 10:58:15,826 INFO o.a.j.t.JMeterThread: Thread is done: Avera 2.0 1-62
2022-08-31 10:58:15,826 INFO o.a.j.t.JMeterThread: Thread finished: Avera 2.0 1-62
2022-08-31 10:58:15,826 INFO o.a.j.t.JMeterThread: Thread is done: Avera 2.0 1-86
2022-08-31 10:58:15,826 INFO o.a.j.t.JMeterThread: Thread finished: Avera 2.0 1-86
2022-08-31 10:58:15,827 INFO o.a.j.t.JMeterThread: Thread is done: Avera 2.0 1-88
2022-08-31 10:58:15,827 INFO o.a.j.t.JMeterThread: Thread finished: Avera 2.0 1-88
2022-08-31 10:58:15,827 INFO o.a.j.t.JMeterThread: Thread is done: Avera 2.0 1-53
2022-08-31 10:58:15,827 INFO o.a.j.t.JMeterThread: Thread finished: Avera 2.0 1-53
2022-08-31 10:58:15,832 INFO o.a.j.t.JMeterThread: Thread is done: Avera 2.0 1-94
2022-08-31 10:58:15,832 INFO o.a.j.t.JMeterThread: Thread finished: Avera 2.0 1-94
2022-08-31 10:58:15,832 INFO o.a.j.t.JMeterThread: Thread is done: Avera 2.0 1-22
2022-08-31 10:58:15,832 INFO o.a.j.t.JMeterThread: Thread finished: Avera 2.0 1-22
2022-08-31 10:58:15,832 INFO o.a.j.t.JMeterThread: Thread is done: Avera 2.0 1-10
2022-08-31 10:58:15,832 INFO o.a.j.t.JMeterThread: Thread finished: Avera 2.0 1-10
2022-08-31 10:58:15,832 INFO o.a.j.t.JMeterThread: Thread is done: Avera 2.0 1-46
2022-08-31 10:58:15,832 INFO o.a.j.t.JMeterThread: Thread finished: Avera 2.0 1-46
2022-08-31 10:58:15,833 INFO o.a.j.t.JMeterThread: Thread is done: Avera 2.0 1-87
2022-08-31 10:58:15,833 INFO o.a.j.t.JMeterThread: Thread finished: Avera 2.0 1-87
2022-08-31 10:58:15,833 INFO o.a.j.t.JMeterThread: Thread is done: Avera 2.0 1-97
2022-08-31 10:58:15,833 INFO o.a.j.t.JMeterThread: Thread finished: Avera 2.0 1-97
2022-08-31 10:58:15,833 INFO o.a.j.t.JMeterThread: Thread is done: Avera 2.0 1-72
2022-08-31 10:58:15,833 INFO o.a.j.t.JMeterThread: Thread finished: Avera 2.0 1-72
2022-08-31 10:58:15,836 INFO o.a.j.t.JMeterThread: Thread is done: Avera 2.0 1-65
2022-08-31 10:58:15,836 INFO o.a.j.t.JMeterThread: Thread finished: Avera 2.0 1-65
2022-08-31 10:58:15,836 INFO o.a.j.t.JMeterThread: Thread is done: Avera 2.0 1-52
2022-08-31 10:58:15,836 INFO o.a.j.t.JMeterThread: Thread finished: Avera 2.0 1-52
2022-08-31 10:58:15,836 INFO o.a.j.t.JMeterThread: Thread is done: Avera 2.0 1-68
2022-08-31 10:58:15,836 INFO o.a.j.t.JMeterThread: Thread finished: Avera 2.0 1-68
2022-08-31 10:58:15,837 INFO o.a.j.t.JMeterThread: Thread is done: Avera 2.0 1-51
2022-08-31 10:58:15,837 INFO o.a.j.t.JMeterThread: Thread finished: Avera 2.0 1-51
2022-08-31 10:58:15,837 INFO o.a.j.t.JMeterThread: Thread is done: Avera 2.0 1-25
2022-08-31 10:58:15,837 INFO o.a.j.t.JMeterThread: Thread finished: Avera 2.0 1-25
2022-08-31 10:58:15,849 INFO o.a.j.t.JMeterThread: Thread is done: Avera 2.0 1-35
2022-08-31 10:58:15,849 INFO o.a.j.t.JMeterThread: Thread is done: Avera 2.0 1-24
2022-08-31 10:58:15,849 INFO o.a.j.t.JMeterThread: Thread finished: Avera 2.0 1-35
2022-08-31 10:58:15,849 INFO o.a.j.t.JMeterThread: Thread finished: Avera 2.0 1-24
2022-08-31 10:58:15,849 INFO o.a.j.t.JMeterThread: Thread is done: Avera 2.0 1-26
2022-08-31 10:58:15,849 INFO o.a.j.t.JMeterThread: Thread finished: Avera 2.0 1-26
2022-08-31 10:58:15,849 INFO o.a.j.t.JMeterThread: Thread is done: Avera 2.0 1-33
2022-08-31 10:58:15,849 INFO o.a.j.t.JMeterThread: Thread finished: Avera 2.0 1-33
2022-08-31 10:58:15,849 INFO o.a.j.t.JMeterThread: Thread is done: Avera 2.0 1-92
2022-08-31 10:58:15,849 INFO o.a.j.t.JMeterThread: Thread finished: Avera 2.0 1-92
2022-08-31 10:58:15,849 INFO o.a.j.t.JMeterThread: Thread is done: Avera 2.0 1-15
2022-08-31 10:58:15,850 INFO o.a.j.t.JMeterThread: Thread is done: Avera 2.0 1-96
2022-08-31 10:58:15,850 INFO o.a.j.t.JMeterThread: Thread finished: Avera 2.0 1-15
2022-08-31 10:58:15,850 INFO o.a.j.t.JMeterThread: Thread finished: Avera 2.0 1-96
2022-08-31 10:58:15,850 INFO o.a.j.t.JMeterThread: Thread is done: Avera 2.0 1-32
2022-08-31 10:58:15,850 INFO o.a.j.t.JMeterThread: Thread finished: Avera 2.0 1-32
2022-08-31 10:58:15,850 INFO o.a.j.t.JMeterThread: Thread is done: Avera 2.0 1-21
2022-08-31 10:58:15,850 INFO o.a.j.t.JMeterThread: Thread finished: Avera 2.0 1-21
2022-08-31 10:58:15,850 INFO o.a.j.t.JMeterThread: Thread is done: Avera 2.0 1-17
2022-08-31 10:58:15,850 INFO o.a.j.t.JMeterThread: Thread finished: Avera 2.0 1-17
2022-08-31 10:58:15,872 INFO o.a.j.t.JMeterThread: Thread is done: Avera 2.0 1-13
2022-08-31 10:58:15,872 INFO o.a.j.t.JMeterThread: Thread finished: Avera 2.0 1-13
2022-08-31 10:58:15,880 INFO o.a.j.t.JMeterThread: Thread is done: Avera 2.0 1-81
2022-08-31 10:58:15,880 INFO o.a.j.t.JMeterThread: Thread is done: Avera 2.0 1-4
2022-08-31 10:58:15,880 INFO o.a.j.t.JMeterThread: Thread finished: Avera 2.0 1-81
2022-08-31 10:58:15,880 INFO o.a.j.t.JMeterThread: Thread finished: Avera 2.0 1-4
2022-08-31 10:58:15,880 INFO o.a.j.t.JMeterThread: Thread is done: Avera 2.0 1-9
2022-08-31 10:58:15,880 INFO o.a.j.t.JMeterThread: Thread finished: Avera 2.0 1-9
2022-08-31 10:58:15,880 INFO o.a.j.t.JMeterThread: Thread is done: Avera 2.0 1-64
2022-08-31 10:58:15,880 INFO o.a.j.t.JMeterThread: Thread finished: Avera 2.0 1-64
2022-08-31 10:58:15,880 INFO o.a.j.t.JMeterThread: Thread is done: Avera 2.0 1-2
2022-08-31 10:58:15,880 INFO o.a.j.t.JMeterThread: Thread is done: Avera 2.0 1-7
2022-08-31 10:58:15,880 INFO o.a.j.t.JMeterThread: Thread finished: Avera 2.0 1-2
2022-08-31 10:58:15,880 INFO o.a.j.t.JMeterThread: Thread finished: Avera 2.0 1-7
2022-08-31 10:58:15,880 INFO o.a.j.t.JMeterThread: Thread is done: Avera 2.0 1-60
2022-08-31 10:58:15,880 INFO o.a.j.t.JMeterThread: Thread finished: Avera 2.0 1-60
2022-08-31 10:58:15,881 INFO o.a.j.t.JMeterThread: Thread is done: Avera 2.0 1-1
2022-08-31 10:58:15,881 INFO o.a.j.t.JMeterThread: Thread finished: Avera 2.0 1-1
2022-08-31 10:58:15,881 INFO o.a.j.t.JMeterThread: Thread is done: Avera 2.0 1-18
2022-08-31 10:58:15,881 INFO o.a.j.t.JMeterThread: Thread finished: Avera 2.0 1-18
2022-08-31 10:58:15,881 INFO o.a.j.t.JMeterThread: Thread is done: Avera 2.0 1-12
2022-08-31 10:58:15,881 INFO o.a.j.t.JMeterThread: Thread finished: Avera 2.0 1-12
2022-08-31 10:58:15,881 INFO o.a.j.t.JMeterThread: Thread is done: Avera 2.0 1-48
2022-08-31 10:58:15,881 INFO o.a.j.t.JMeterThread: Thread finished: Avera 2.0 1-48
2022-08-31 10:58:15,904 INFO o.a.j.t.JMeterThread: Thread is done: Avera 2.0 1-11
2022-08-31 10:58:15,904 INFO o.a.j.t.JMeterThread: Thread is done: Avera 2.0 1-83
2022-08-31 10:58:15,904 INFO o.a.j.t.JMeterThread: Thread finished: Avera 2.0 1-11
2022-08-31 10:58:15,904 INFO o.a.j.t.JMeterThread: Thread finished: Avera 2.0 1-83
2022-08-31 10:58:15,904 INFO o.a.j.t.JMeterThread: Thread is done: Avera 2.0 1-42
2022-08-31 10:58:15,904 INFO o.a.j.t.JMeterThread: Thread finished: Avera 2.0 1-42
2022-08-31 10:58:15,904 INFO o.a.j.t.JMeterThread: Thread is done: Avera 2.0 1-93
2022-08-31 10:58:15,904 INFO o.a.j.t.JMeterThread: Thread finished: Avera 2.0 1-93
2022-08-31 10:58:15,904 INFO o.a.j.t.JMeterThread: Thread is done: Avera 2.0 1-23
2022-08-31 10:58:15,904 INFO o.a.j.t.JMeterThread: Thread finished: Avera 2.0 1-23
2022-08-31 10:58:15,904 INFO o.a.j.t.JMeterThread: Thread is done: Avera 2.0 1-75
2022-08-31 10:58:15,904 INFO o.a.j.t.JMeterThread: Thread finished: Avera 2.0 1-75
2022-08-31 10:58:15,904 INFO o.a.j.t.JMeterThread: Thread is done: Avera 2.0 1-49
2022-08-31 10:58:15,904 INFO o.a.j.t.JMeterThread: Thread finished: Avera 2.0 1-49
2022-08-31 10:58:15,904 INFO o.a.j.t.JMeterThread: Thread is done: Avera 2.0 1-73
2022-08-31 10:58:15,904 INFO o.a.j.t.JMeterThread: Thread finished: Avera 2.0 1-73
2022-08-31 10:58:15,904 INFO o.a.j.t.JMeterThread: Thread is done: Avera 2.0 1-99
2022-08-31 10:58:15,905 INFO o.a.j.t.JMeterThread: Thread finished: Avera 2.0 1-99
2022-08-31 10:58:15,905 INFO o.a.j.t.JMeterThread: Thread is done: Avera 2.0 1-28
2022-08-31 10:58:15,905 INFO o.a.j.t.JMeterThread: Thread finished: Avera 2.0 1-28
2022-08-31 10:58:15,905 INFO o.a.j.t.JMeterThread: Thread is done: Avera 2.0 1-5
2022-08-31 10:58:15,905 INFO o.a.j.t.JMeterThread: Thread finished: Avera 2.0 1-5
2022-08-31 10:58:15,905 INFO o.a.j.t.JMeterThread: Thread is done: Avera 2.0 1-100
2022-08-31 10:58:15,905 INFO o.a.j.t.JMeterThread: Thread finished: Avera 2.0 1-100
2022-08-31 10:58:15,920 INFO o.a.j.t.JMeterThread: Thread is done: Avera 2.0 1-91
2022-08-31 10:58:15,920 INFO o.a.j.t.JMeterThread: Thread is done: Avera 2.0 1-8
2022-08-31 10:58:15,920 INFO o.a.j.t.JMeterThread: Thread is done: Avera 2.0 1-71
2022-08-31 10:58:15,920 INFO o.a.j.t.JMeterThread: Thread finished: Avera 2.0 1-91
2022-08-31 10:58:15,920 INFO o.a.j.t.JMeterThread: Thread finished: Avera 2.0 1-8
2022-08-31 10:58:15,920 INFO o.a.j.t.JMeterThread: Thread finished: Avera 2.0 1-71
2022-08-31 10:58:15,920 INFO o.a.j.t.JMeterThread: Thread is done: Avera 2.0 1-38
2022-08-31 10:58:15,920 INFO o.a.j.t.JMeterThread: Thread finished: Avera 2.0 1-38
2022-08-31 10:58:15,920 INFO o.a.j.t.JMeterThread: Thread is done: Avera 2.0 1-43
2022-08-31 10:58:15,920 INFO o.a.j.t.JMeterThread: Thread is done: Avera 2.0 1-78
2022-08-31 10:58:15,920 INFO o.a.j.t.JMeterThread: Thread finished: Avera 2.0 1-43
2022-08-31 10:58:15,920 INFO o.a.j.t.JMeterThread: Thread finished: Avera 2.0 1-78
2022-08-31 10:58:15,920 INFO o.a.j.t.JMeterThread: Thread is done: Avera 2.0 1-80
2022-08-31 10:58:15,920 INFO o.a.j.t.JMeterThread: Thread finished: Avera 2.0 1-80
2022-08-31 10:58:15,920 INFO o.a.j.t.JMeterThread: Thread is done: Avera 2.0 1-66
2022-08-31 10:58:15,920 INFO o.a.j.t.JMeterThread: Thread finished: Avera 2.0 1-66
2022-08-31 10:58:15,920 INFO o.a.j.t.JMeterThread: Thread is done: Avera 2.0 1-39
2022-08-31 10:58:15,921 INFO o.a.j.t.JMeterThread: Thread finished: Avera 2.0 1-39
2022-08-31 10:58:15,921 INFO o.a.j.t.JMeterThread: Thread is done: Avera 2.0 1-16
2022-08-31 10:58:15,921 INFO o.a.j.t.JMeterThread: Thread is done: Avera 2.0 1-76
2022-08-31 10:58:15,921 INFO o.a.j.t.JMeterThread: Thread finished: Avera 2.0 1-16
2022-08-31 10:58:15,921 INFO o.a.j.t.JMeterThread: Thread finished: Avera 2.0 1-76
2022-08-31 10:58:15,921 INFO o.a.j.t.JMeterThread: Thread is done: Avera 2.0 1-37
2022-08-31 10:58:15,921 INFO o.a.j.t.JMeterThread: Thread finished: Avera 2.0 1-37
2022-08-31 10:58:15,921 INFO o.a.j.t.JMeterThread: Thread is done: Avera 2.0 1-36
2022-08-31 10:58:15,921 INFO o.a.j.t.JMeterThread: Thread finished: Avera 2.0 1-36
2022-08-31 10:58:15,921 INFO o.a.j.t.JMeterThread: Thread is done: Avera 2.0 1-56
2022-08-31 10:58:15,921 INFO o.a.j.t.JMeterThread: Thread finished: Avera 2.0 1-56
2022-08-31 10:58:15,921 INFO o.a.j.t.JMeterThread: Thread is done: Avera 2.0 1-57
2022-08-31 10:58:15,921 INFO o.a.j.t.JMeterThread: Thread finished: Avera 2.0 1-57
2022-08-31 10:58:15,921 INFO o.a.j.t.JMeterThread: Thread is done: Avera 2.0 1-44
2022-08-31 10:58:15,921 INFO o.a.j.t.JMeterThread: Thread finished: Avera 2.0 1-44
2022-08-31 10:58:15,921 INFO o.a.j.t.JMeterThread: Thread is done: Avera 2.0 1-77
2022-08-31 10:58:15,921 INFO o.a.j.t.JMeterThread: Thread finished: Avera 2.0 1-77
2022-08-31 10:58:15,921 INFO o.a.j.t.JMeterThread: Thread is done: Avera 2.0 1-45
2022-08-31 10:58:15,921 INFO o.a.j.t.JMeterThread: Thread finished: Avera 2.0 1-45
2022-08-31 10:58:15,925 INFO o.a.j.t.JMeterThread: Thread is done: Avera 2.0 1-14
2022-08-31 10:58:15,926 INFO o.a.j.t.JMeterThread: Thread finished: Avera 2.0 1-14
2022-08-31 10:58:15,926 INFO o.a.j.t.JMeterThread: Thread is done: Avera 2.0 1-61
2022-08-31 10:58:15,926 INFO o.a.j.t.JMeterThread: Thread finished: Avera 2.0 1-61
2022-08-31 10:58:15,926 INFO o.a.j.t.JMeterThread: Thread is done: Avera 2.0 1-47
2022-08-31 10:58:15,926 INFO o.a.j.t.JMeterThread: Thread finished: Avera 2.0 1-47
2022-08-31 10:58:15,926 INFO o.a.j.t.JMeterThread: Thread is done: Avera 2.0 1-59
2022-08-31 10:58:15,926 INFO o.a.j.t.JMeterThread: Thread finished: Avera 2.0 1-59
2022-08-31 10:58:15,926 INFO o.a.j.t.JMeterThread: Thread is done: Avera 2.0 1-63
2022-08-31 10:58:15,926 INFO o.a.j.t.JMeterThread: Thread finished: Avera 2.0 1-63
2022-08-31 10:58:15,926 INFO o.a.j.t.JMeterThread: Thread is done: Avera 2.0 1-41
2022-08-31 10:58:15,926 INFO o.a.j.t.JMeterThread: Thread finished: Avera 2.0 1-41
2022-08-31 10:58:15,926 INFO o.a.j.e.StandardJMeterEngine: Notifying test listeners of end of test
2022-08-31 10:58:15,928 INFO o.a.j.r.Summariser: summary =    100 in 00:00:02 =   64.4/s Avg:   942 Min:   382 Max:  1438 Err:     0 (0.00%)
